0 info it worked if it ends with ok
1 verbose cli [ 'node', '/usr/local/bin/npm', 'install' ]
2 info using npm@1.4.28
3 info using node@v0.10.33
4 verbose readDependencies using package.json deps
5 verbose install where, deps [ '/Users/hannahswenson/Desktop/JP/Junior-Project',
5 verbose install   [ 'async',
5 verbose install     'clone',
5 verbose install     'colors',
5 verbose install     'errors',
5 verbose install     'express',
5 verbose install     'extend',
5 verbose install     'lodash',
5 verbose install     'mongoose',
5 verbose install     'nodeunit',
5 verbose install     'request',
5 verbose install     'winston' ] ]
6 info preinstall hannah-junior-project@0.0.1
7 warn package.json request@0.8.3 bugs['web'] should probably be bugs['url'].
8 verbose readDependencies using package.json deps
9 verbose already installed skipping express@~3.4.4 /Users/hannahswenson/Desktop/JP/Junior-Project
10 verbose already installed skipping extend@1.3.0 /Users/hannahswenson/Desktop/JP/Junior-Project
11 verbose already installed skipping lodash@~2.4.1 /Users/hannahswenson/Desktop/JP/Junior-Project
12 verbose already installed skipping mongoose@~3.8.0 /Users/hannahswenson/Desktop/JP/Junior-Project
13 verbose already installed skipping nodeunit@~0.8.2 /Users/hannahswenson/Desktop/JP/Junior-Project
14 verbose cache add [ 'request@~2.53.1', null ]
15 verbose cache add name=undefined spec="request@~2.53.1" args=["request@~2.53.1",null]
16 verbose parsed url { protocol: null,
16 verbose parsed url   slashes: null,
16 verbose parsed url   auth: null,
16 verbose parsed url   host: null,
16 verbose parsed url   port: null,
16 verbose parsed url   hostname: null,
16 verbose parsed url   hash: null,
16 verbose parsed url   search: null,
16 verbose parsed url   query: null,
16 verbose parsed url   pathname: 'request@~2.53.1',
16 verbose parsed url   path: 'request@~2.53.1',
16 verbose parsed url   href: 'request@~2.53.1' }
17 verbose already installed skipping winston@~0.7.3 /Users/hannahswenson/Desktop/JP/Junior-Project
18 verbose cache add name="request" spec="~2.53.1" args=["request","~2.53.1"]
19 verbose parsed url { protocol: null,
19 verbose parsed url   slashes: null,
19 verbose parsed url   auth: null,
19 verbose parsed url   host: null,
19 verbose parsed url   port: null,
19 verbose parsed url   hostname: null,
19 verbose parsed url   hash: null,
19 verbose parsed url   search: null,
19 verbose parsed url   query: null,
19 verbose parsed url   pathname: '~2.53.1',
19 verbose parsed url   path: '~2.53.1',
19 verbose parsed url   href: '~2.53.1' }
20 verbose addNamed [ 'request', '~2.53.1' ]
21 verbose addNamed [ null, '>=2.53.1-0 <2.54.0-0' ]
22 silly lockFile 4b6b5bfe-request-2-53-1 request@~2.53.1
23 verbose lock request@~2.53.1 /Users/hannahswenson/.npm/4b6b5bfe-request-2-53-1.lock
24 silly addNameRange { name: 'request',
24 silly addNameRange   range: '>=2.53.1-0 <2.54.0-0',
24 silly addNameRange   hasData: false }
25 verbose already installed skipping async@~0.2.9 /Users/hannahswenson/Desktop/JP/Junior-Project
26 verbose already installed skipping clone@0.1.11 /Users/hannahswenson/Desktop/JP/Junior-Project
27 verbose request where is /request
28 verbose request registry https://registry.npmjs.org/
29 verbose request id 11f82200ff94c244
30 verbose url raw /request
31 verbose url resolving [ 'https://registry.npmjs.org/', './request' ]
32 verbose url resolved https://registry.npmjs.org/request
33 verbose request where is https://registry.npmjs.org/request
34 info trying registry request attempt 1 at 19:45:06
35 verbose etag "EDFHTJJ2M5FGHKWW6KEX4WF8U"
36 http GET https://registry.npmjs.org/request
37 verbose already installed skipping colors@~0.6.2 /Users/hannahswenson/Desktop/JP/Junior-Project
38 verbose already installed skipping errors@0.1.0 /Users/hannahswenson/Desktop/JP/Junior-Project
39 http 304 https://registry.npmjs.org/request
40 silly registry.get cb [ 304,
40 silly registry.get   { date: 'Sun, 15 Mar 2015 23:45:06 GMT',
40 silly registry.get     server: 'Apache',
40 silly registry.get     via: '1.1 varnish',
40 silly registry.get     'last-modified': 'Sun, 15 Mar 2015 23:45:06 GMT',
40 silly registry.get     'cache-control': 'max-age=60',
40 silly registry.get     etag: '"EDFHTJJ2M5FGHKWW6KEX4WF8U"',
40 silly registry.get     age: '49',
40 silly registry.get     'x-served-by': 'cache-ams4126-AMS',
40 silly registry.get     'x-cache': 'HIT',
40 silly registry.get     'x-cache-hits': '1',
40 silly registry.get     'x-timer': 'S1426463106.753913,VS0,VE1',
40 silly registry.get     vary: 'Accept',
40 silly registry.get     'content-length': '0',
40 silly registry.get     'keep-alive': 'timeout=10, max=50',
40 silly registry.get     connection: 'Keep-Alive' } ]
41 verbose etag https://registry.npmjs.org/request from cache
42 silly addNameRange number 2 { name: 'request', range: '>=2.53.1-0 <2.54.0-0', hasData: true }
43 silly addNameRange versions [ 'request',
43 silly addNameRange   [ '0.10.0',
43 silly addNameRange     '0.8.3',
43 silly addNameRange     '0.9.0',
43 silly addNameRange     '0.9.1',
43 silly addNameRange     '0.9.5',
43 silly addNameRange     '1.0.0',
43 silly addNameRange     '1.1.0',
43 silly addNameRange     '1.1.1',
43 silly addNameRange     '1.2.0',
43 silly addNameRange     '1.9.0',
43 silly addNameRange     '1.9.1',
43 silly addNameRange     '1.9.2',
43 silly addNameRange     '1.9.3',
43 silly addNameRange     '1.9.5',
43 silly addNameRange     '1.9.7',
43 silly addNameRange     '1.9.8',
43 silly addNameRange     '1.9.9',
43 silly addNameRange     '2.0.0',
43 silly addNameRange     '2.0.1',
43 silly addNameRange     '2.0.2',
43 silly addNameRange     '2.0.3',
43 silly addNameRange     '2.0.4',
43 silly addNameRange     '2.0.5',
43 silly addNameRange     '2.1.0',
43 silly addNameRange     '2.1.1',
43 silly addNameRange     '2.2.0',
43 silly addNameRange     '2.2.5',
43 silly addNameRange     '2.2.6',
43 silly addNameRange     '2.2.9',
43 silly addNameRange     '2.9.0',
43 silly addNameRange     '2.9.1',
43 silly addNameRange     '2.9.2',
43 silly addNameRange     '2.9.3',
43 silly addNameRange     '2.9.100',
43 silly addNameRange     '2.9.150',
43 silly addNameRange     '2.9.151',
43 silly addNameRange     '2.9.152',
43 silly addNameRange     '2.9.153',
43 silly addNameRange     '2.9.200',
43 silly addNameRange     '2.9.201',
43 silly addNameRange     '2.9.202',
43 silly addNameRange     '2.9.203',
43 silly addNameRange     '2.10.0',
43 silly addNameRange     '2.11.0',
43 silly addNameRange     '2.11.1',
43 silly addNameRange     '2.11.2',
43 silly addNameRange     '2.11.3',
43 silly addNameRange     '2.11.4',
43 silly addNameRange     '2.12.0',
43 silly addNameRange     '2.14.0',
43 silly addNameRange     '2.16.0',
43 silly addNameRange     '2.16.2',
43 silly addNameRange     '2.16.4',
43 silly addNameRange     '2.16.6',
43 silly addNameRange     '2.18.0',
43 silly addNameRange     '2.19.0',
43 silly addNameRange     '2.20.0',
43 silly addNameRange     '2.21.0',
43 silly addNameRange     '2.22.0',
43 silly addNameRange     '2.23.0',
43 silly addNameRange     '2.24.0',
43 silly addNameRange     '2.25.0',
43 silly addNameRange     '2.26.0',
43 silly addNameRange     '2.27.0',
43 silly addNameRange     '2.28.0',
43 silly addNameRange     '2.29.0',
43 silly addNameRange     '2.30.0',
43 silly addNameRange     '2.31.0',
43 silly addNameRange     '2.32.0',
43 silly addNameRange     '2.33.0',
43 silly addNameRange     '2.34.0',
43 silly addNameRange     '2.35.0',
43 silly addNameRange     '2.36.0',
43 silly addNameRange     '2.37.0',
43 silly addNameRange     '2.38.0',
43 silly addNameRange     '2.39.0',
43 silly addNameRange     '2.40.0',
43 silly addNameRange     '2.41.0',
43 silly addNameRange     '2.42.0',
43 silly addNameRange     '2.43.0',
43 silly addNameRange     '2.44.0',
43 silly addNameRange     '2.45.0',
43 silly addNameRange     '2.46.0',
43 silly addNameRange     '2.47.0',
43 silly addNameRange     '2.48.0',
43 silly addNameRange     '2.49.0',
43 silly addNameRange     '2.50.0',
43 silly addNameRange     '2.51.0',
43 silly addNameRange     '2.52.0',
43 silly addNameRange     '2.53.0' ] ]
44 silly lockFile 4b6b5bfe-request-2-53-1 request@~2.53.1
45 silly lockFile 4b6b5bfe-request-2-53-1 request@~2.53.1
46 error notarget No compatible version found: request@'>=2.53.1-0 <2.54.0-0'
46 error notarget Valid install targets:
46 error notarget ["0.10.0","0.8.3","0.9.0","0.9.1","0.9.5","1.0.0","1.1.0","1.1.1","1.2.0","1.9.0","1.9.1","1.9.2","1.9.3","1.9.5","1.9.7","1.9.8","1.9.9","2.0.0","2.0.1","2.0.2","2.0.3","2.0.4","2.0.5","2.1.0","2.1.1","2.2.0","2.2.5","2.2.6","2.2.9","2.9.0","2.9.1","2.9.2","2.9.3","2.9.100","2.9.150","2.9.151","2.9.152","2.9.153","2.9.200","2.9.201","2.9.202","2.9.203","2.10.0","2.11.0","2.11.1","2.11.2","2.11.3","2.11.4","2.12.0","2.14.0","2.16.0","2.16.2","2.16.4","2.16.6","2.18.0","2.19.0","2.20.0","2.21.0","2.22.0","2.23.0","2.24.0","2.25.0","2.26.0","2.27.0","2.28.0","2.29.0","2.30.0","2.31.0","2.32.0","2.33.0","2.34.0","2.35.0","2.36.0","2.37.0","2.38.0","2.39.0","2.40.0","2.41.0","2.42.0","2.43.0","2.44.0","2.45.0","2.46.0","2.47.0","2.48.0","2.49.0","2.50.0","2.51.0","2.52.0","2.53.0"]
46 error notarget
46 error notarget This is most likely not a problem with npm itself.
46 error notarget In most cases you or one of your dependencies are requesting
46 error notarget a package version that doesn't exist.
47 error System Darwin 13.4.0
48 error command "node" "/usr/local/bin/npm" "install"
49 error cwd /Users/hannahswenson/Desktop/JP/Junior-Project
50 error node -v v0.10.33
51 error npm -v 1.4.28
52 error code ETARGET
53 verbose exit [ 1, true ]
